<?xml version="1.0" encoding="UTF-8"?>
<!-- Generated by org.testng.reporters.JUnitXMLReporter -->
<testsuite ignored="0" hostname="Robin" failures="0" tests="3" name="Test on Chrome" time="0.576" errors="0" timestamp="2023-10-29T17:58:54 IST">
  <testcase classname="com.ecommercedemo.qa.testcases.SearchTest" name="@BeforeMethod setUp" time="0.008">
    <failure type="java.lang.NullPointerException" message="Cannot invoke &amp;quot;String.equalsIgnoreCase(String)&amp;quot; because &amp;quot;browserName&amp;quot; is null">
      <![CDATA[java.lang.NullPointerException: Cannot invoke "String.equalsIgnoreCase(String)" because "browserName" is null
at com.ecommercedemo.qa.base.Base.initializeBrowserAndOpenApplictaionURL(Base.java:51)
at com.ecommercedemo.qa.testcases.SearchTest.setUp(SearchTest.java:27)
at java.base/java.util.ArrayList.forEach(ArrayList.java:1511)
at java.base/java.util.concurrent.FutureTask.run(FutureTask.java:264)
at java.base/java.util.concurrent.ThreadPoolExecutor.runWorker(ThreadPoolExecutor.java:1136)
at java.base/java.util.concurrent.ThreadPoolExecutor$Worker.run(ThreadPoolExecutor.java:635)
at java.base/java.lang.Thread.run(Thread.java:833)
... Removed 21 stack frames]]>
    </failure>
  </testcase> <!-- @BeforeMethod setUp -->
  <testcase classname="com.ecommercedemo.qa.testcases.SearchTest" name="@BeforeMethod setUp" time="0.008">
    <failure type="java.lang.NullPointerException" message="Cannot invoke &amp;quot;String.equalsIgnoreCase(String)&amp;quot; because &amp;quot;browserName&amp;quot; is null">
      <![CDATA[java.lang.NullPointerException: Cannot invoke "String.equalsIgnoreCase(String)" because "browserName" is null
at com.ecommercedemo.qa.base.Base.initializeBrowserAndOpenApplictaionURL(Base.java:51)
at com.ecommercedemo.qa.testcases.SearchTest.setUp(SearchTest.java:27)
at java.base/java.util.ArrayList.forEach(ArrayList.java:1511)
at java.base/java.util.concurrent.FutureTask.run(FutureTask.java:264)
at java.base/java.util.concurrent.ThreadPoolExecutor.runWorker(ThreadPoolExecutor.java:1136)
at java.base/java.util.concurrent.ThreadPoolExecutor$Worker.run(ThreadPoolExecutor.java:635)
at java.base/java.lang.Thread.run(Thread.java:833)
... Removed 21 stack frames]]>
    </failure>
  </testcase> <!-- @BeforeMethod setUp -->
  <testcase classname="com.ecommercedemo.qa.testcases.SearchTest" name="@AfterMethod tearDown" time="0.0">
    <skipped/>
  </testcase> <!-- @AfterMethod tearDown -->
  <testcase classname="com.ecommercedemo.qa.testcases.SearchTest" name="@AfterMethod tearDown" time="0.0">
    <skipped/>
  </testcase> <!-- @AfterMethod tearDown -->
  <testcase classname="com.ecommercedemo.qa.testcases.SearchTest" name="@BeforeMethod setUp" time="0.0">
    <skipped/>
  </testcase> <!-- @BeforeMethod setUp -->
  <testcase classname="com.ecommercedemo.qa.testcases.SearchTest" name="@BeforeMethod setUp" time="0.0">
    <skipped/>
  </testcase> <!-- @BeforeMethod setUp -->
  <testcase classname="com.ecommercedemo.qa.testcases.SearchTest" name="@AfterMethod tearDown" time="0.0">
    <skipped/>
  </testcase> <!-- @AfterMethod tearDown -->
  <testcase classname="com.ecommercedemo.qa.testcases.SearchTest" name="@AfterMethod tearDown" time="0.0">
    <skipped/>
  </testcase> <!-- @AfterMethod tearDown -->
  <testcase classname="com.ecommercedemo.qa.testcases.SearchTest" name="verfiySearchWithValidProduct" time="0.001">
    <skipped/>
  </testcase> <!-- verfiySearchWithValidProduct -->
  <testcase classname="com.ecommercedemo.qa.testcases.SearchTest" name="verifySearchWithInvalidProduct" time="0.0">
    <skipped/>
  </testcase> <!-- verifySearchWithInvalidProduct -->
  <testcase classname="com.ecommercedemo.qa.testcases.SearchTest" name="verifySearchWithNoProduct" time="0.001">
    <skipped/>
  </testcase> <!-- verifySearchWithNoProduct -->
</testsuite> <!-- Test on Chrome -->
