<?xml version="1.0" encoding="UTF-8"?>
<!-- Generated by org.testng.reporters.JUnitXMLReporter -->
<testsuite ignored="0" hostname="Robin" failures="1" tests="3" name="Demo Test" time="56.841" errors="0" timestamp="2023-10-29T09:25:43 IST">
  <testcase classname="com.ecommercedemo.qa.testcases.SearchTest" name="verfiySearchWithValidProduct" time="9.396"/>
  <testcase classname="com.ecommercedemo.qa.testcases.SearchTest" name="verifySearchWithInvalidProduct" time="9.404">
    <failure type="java.lang.AssertionError" message="Product matches error page is not displayed expected [There is no product that matches the search criteria 1.] but found [There is no product that matches the search criteria.]">
      <![CDATA[java.lang.AssertionError: Product matches error page is not displayed expected [There is no product that matches the search criteria 1.] but found [There is no product that matches the search criteria.]
at com.ecommercedemo.qa.testcases.SearchTest.verifySearchWithInvalidProduct(SearchTest.java:57)
at java.base/java.util.ArrayList.forEach(ArrayList.java:1511)
... Removed 32 stack frames]]>
    </failure>
  </testcase> <!-- verifySearchWithInvalidProduct -->
  <testcase classname="com.ecommercedemo.qa.testcases.SearchTest" name="verifySearchWithNoProduct" time="0.0">
    <skipped/>
  </testcase> <!-- verifySearchWithNoProduct -->
</testsuite> <!-- Demo Test -->
